Using pre-set license
Built from '2020.3/release' branch; Version is '2020.3.7f1 (dd97f2c94397) revision 14522354'; Using compiler version '192528614'; Build Type 'Release'
OS: 'Windows 10 Home; OS build 19041.928; Version 2004; 64bit' Language: 'en' Physical Memory: 7967 MB
BatchMode: 1, IsHumanControllingUs: 0, StartBugReporterOnCrash: 0, Is64bit: 1, IsPro: 0

 COMMAND LINE ARGUMENTS:
C:\Program Files\Unity\Hub\Editor\2020.3.5f1\Editor\Unity.exe
-adb2
-batchMode
-noUpm
-name
AssetImportWorker0
-projectPath
C:/Users/Joshua/Desktop/unitygames/ObstacleCourse
-logFile
Logs/AssetImportWorker0.log
-srvPort
61162
Successfully changed project path to: C:/Users/Joshua/Desktop/unitygames/ObstacleCourse
C:/Users/Joshua/Desktop/unitygames/ObstacleCourse
Using Asset Import Pipeline V2.
Refreshing native plugins compatible for Editor in 26.15 ms, found 0 plugins.
Preloading 0 native plugins for Editor in 0.00 ms.
Initialize engine version: 2020.3.7f1 (dd97f2c94397)
[Subsystems] Discovering subsystems at path C:/Program Files/Unity/Hub/Editor/2020.3.5f1/Editor/Data/Resources/UnitySubsystems
[Subsystems] Discovering subsystems at path C:/Users/Joshua/Desktop/unitygames/ObstacleCourse/Assets
GfxDevice: creating device client; threaded=0
Direct3D:
    Version:  Direct3D 11.0 [level 11.1]
    Renderer: Intel(R) UHD Graphics 620 (ID=0x3ea0)
    Vendor:   
    VRAM:     3983 MB
    Driver:   26.20.100.8141
Initialize mono
Mono path[0] = 'C:/Program Files/Unity/Hub/Editor/2020.3.5f1/Editor/Data/Managed'
Mono path[1] = 'C:/Program Files/Unity/Hub/Editor/2020.3.5f1/Editor/Data/MonoBleedingEdge/lib/mono/unityjit'
Mono config path = 'C:/Program Files/Unity/Hub/Editor/2020.3.5f1/Editor/Data/MonoBleedingEdge/etc'
Using monoOptions --debugger-agent=transport=dt_socket,embedding=1,server=y,suspend=n,address=127.0.0.1:56892
Begin MonoManager ReloadAssembly
Registering precompiled unity dll's ...
Register platform support module: C:/Program Files/Unity/Hub/Editor/2020.3.5f1/Editor/Data/PlaybackEngines/WindowsStandaloneSupport/UnityEditor.WindowsStandalone.Extensions.dll
Registered in 0.003647 seconds.
Native extension for WindowsStandalone target not found
Refreshing native plugins compatible for Editor in 30.09 ms, found 0 plugins.
Preloading 0 native plugins for Editor in 0.00 ms.
Mono: successfully reloaded assembly
- Completed reload, in  1.437 seconds
Platform modules already initialized, skipping
Registering precompiled user dll's ...
Registered in 0.001286 seconds.
Begin MonoManager ReloadAssembly
Native extension for WindowsStandalone target not found
Refreshing native plugins compatible for Editor in 0.70 ms, found 0 plugins.
Preloading 0 native plugins for Editor in 0.00 ms.
Mono: successfully reloaded assembly
- Completed reload, in  1.250 seconds
Platform modules already initialized, skipping
========================================================================
Worker process is ready to serve import requests
Launched and connected shader compiler UnityShaderCompiler.exe after 0.16 seconds
Refreshing native plugins compatible for Editor in 0.38 ms, found 0 plugins.
Preloading 0 native plugins for Editor in 0.00 ms.
Unloading 1267 Unused Serialized files (Serialized files now loaded: 0)
System memory in use before: 62.2 MB.
System memory in use after: 62.2 MB.

Unloading 11 unused Assets to reduce memory usage. Loaded Objects now: 1709.
Total: 2.033800 ms (FindLiveObjects: 0.195100 ms CreateObjectMapping: 0.076400 ms MarkObjects: 1.683600 ms  DeleteObjects: 0.076900 ms)

========================================================================
Received Import Request.
  path: Assets/start finish.mat
  artifactKey: Guid(4851287b66ddf4149a7b4ca02bd94126) Importer(815301076,1909f56bfc062723c751e8b465ee728b)
Start importing Assets/start finish.mat using Guid(4851287b66ddf4149a7b4ca02bd94126) Importer(815301076,1909f56bfc062723c751e8b465ee728b)  -> (artifact id: 'aa51b0907c2434b60fb07954a54e6e92') in 0.327526 seconds
  Import took 0.337279 seconds .

========================================================================
Received Prepare
Registering precompiled user dll's ...
Registered in 0.000898 seconds.
Begin MonoManager ReloadAssembly
Native extension for WindowsStandalone target not found
Refreshing native plugins compatible for Editor in 0.27 ms, found 0 plugins.
Preloading 0 native plugins for Editor in 0.00 ms.
Mono: successfully reloaded assembly
- Completed reload, in  0.963 seconds
Platform modules already initialized, skipping
Refreshing native plugins compatible for Editor in 0.23 ms, found 0 plugins.
Preloading 0 native plugins for Editor in 0.00 ms.
Unloading 1260 Unused Serialized files (Serialized files now loaded: 0)
System memory in use before: 65.3 MB.
System memory in use after: 65.4 MB.

Unloading 6 unused Assets to reduce memory usage. Loaded Objects now: 1752.
Total: 2.222500 ms (FindLiveObjects: 0.260300 ms CreateObjectMapping: 0.090300 ms MarkObjects: 1.791000 ms  DeleteObjects: 0.078600 ms)

========================================================================
Received Prepare
Registering precompiled user dll's ...
Registered in 0.000874 seconds.
Begin MonoManager ReloadAssembly
Native extension for WindowsStandalone target not found
Refreshing native plugins compatible for Editor in 0.21 ms, found 0 plugins.
Preloading 0 native plugins for Editor in 0.00 ms.
Mono: successfully reloaded assembly
- Completed reload, in  0.915 seconds
Platform modules already initialized, skipping
Refreshing native plugins compatible for Editor in 0.22 ms, found 0 plugins.
Preloading 0 native plugins for Editor in 0.00 ms.
Unloading 1260 Unused Serialized files (Serialized files now loaded: 0)
System memory in use before: 65.3 MB.
System memory in use after: 65.4 MB.

Unloading 6 unused Assets to reduce memory usage. Loaded Objects now: 1755.
Total: 1.947300 ms (FindLiveObjects: 0.257200 ms CreateObjectMapping: 0.065600 ms MarkObjects: 1.567100 ms  DeleteObjects: 0.055800 ms)

========================================================================
Received Prepare
Registering precompiled user dll's ...
Registered in 0.000999 seconds.
Begin MonoManager ReloadAssembly
Native extension for WindowsStandalone target not found
Refreshing native plugins compatible for Editor in 0.22 ms, found 0 plugins.
Preloading 0 native plugins for Editor in 0.00 ms.
Mono: successfully reloaded assembly
- Completed reload, in  1.019 seconds
Platform modules already initialized, skipping
Refreshing native plugins compatible for Editor in 0.21 ms, found 0 plugins.
Preloading 0 native plugins for Editor in 0.00 ms.
Unloading 1260 Unused Serialized files (Serialized files now loaded: 0)
System memory in use before: 65.4 MB.
System memory in use after: 65.4 MB.

Unloading 6 unused Assets to reduce memory usage. Loaded Objects now: 1758.
Total: 2.193300 ms (FindLiveObjects: 0.264900 ms CreateObjectMapping: 0.044300 ms MarkObjects: 1.817100 ms  DeleteObjects: 0.065700 ms)

========================================================================
Received Prepare
Registering precompiled user dll's ...
Registered in 0.000940 seconds.
Begin MonoManager ReloadAssembly
Native extension for WindowsStandalone target not found
Refreshing native plugins compatible for Editor in 0.28 ms, found 0 plugins.
Preloading 0 native plugins for Editor in 0.00 ms.
Mono: successfully reloaded assembly
- Completed reload, in  0.938 seconds
Platform modules already initialized, skipping
Refreshing native plugins compatible for Editor in 0.39 ms, found 0 plugins.
Preloading 0 native plugins for Editor in 0.00 ms.
Unloading 1260 Unused Serialized files (Serialized files now loaded: 0)
System memory in use before: 65.4 MB.
System memory in use after: 65.4 MB.

Unloading 6 unused Assets to reduce memory usage. Loaded Objects now: 1761.
Total: 2.527600 ms (FindLiveObjects: 0.296300 ms CreateObjectMapping: 0.063500 ms MarkObjects: 2.073900 ms  DeleteObjects: 0.091400 ms)

========================================================================
Received Prepare
Registering precompiled user dll's ...
Registered in 0.001357 seconds.
Begin MonoManager ReloadAssembly
Native extension for WindowsStandalone target not found
Refreshing native plugins compatible for Editor in 0.39 ms, found 0 plugins.
Preloading 0 native plugins for Editor in 0.00 ms.
Mono: successfully reloaded assembly
- Completed reload, in  1.483 seconds
Platform modules already initialized, skipping
Refreshing native plugins compatible for Editor in 0.31 ms, found 0 plugins.
Preloading 0 native plugins for Editor in 0.00 ms.
Unloading 1260 Unused Serialized files (Serialized files now loaded: 0)
System memory in use before: 65.4 MB.
System memory in use after: 65.5 MB.

Unloading 6 unused Assets to reduce memory usage. Loaded Objects now: 1764.
Total: 4.161900 ms (FindLiveObjects: 0.441900 ms CreateObjectMapping: 0.125300 ms MarkObjects: 3.483300 ms  DeleteObjects: 0.107600 ms)

========================================================================
Received Import Request.
  Time since last request: 2662.562077 seconds.
  path: Assets/start finish.mat
  artifactKey: Guid(4851287b66ddf4149a7b4ca02bd94126) Importer(815301076,1909f56bfc062723c751e8b465ee728b)
Start importing Assets/start finish.mat using Guid(4851287b66ddf4149a7b4ca02bd94126) Importer(815301076,1909f56bfc062723c751e8b465ee728b)  -> (artifact id: 'd2f65e52f50f59b20e2bf4e831a8d901') in 0.068062 seconds
  Import took 0.072988 seconds .

========================================================================
Received Import Request.
  Time since last request: 42.550841 seconds.
  path: Assets/materials
  artifactKey: Guid(8a94d34d76e431a438419fef53f42eb0) Importer(815301076,1909f56bfc062723c751e8b465ee728b)
Start importing Assets/materials using Guid(8a94d34d76e431a438419fef53f42eb0) Importer(815301076,1909f56bfc062723c751e8b465ee728b)  -> (artifact id: '97eb0271896ae91cfac9c05a53de73e7') in 0.006261 seconds
  Import took 0.008926 seconds .

========================================================================
Received Import Request.
  Time since last request: 26.892459 seconds.
  path: Assets/prefab
  artifactKey: Guid(fe6d43af8e0c26349b1494767d3a1d9e) Importer(815301076,1909f56bfc062723c751e8b465ee728b)
Start importing Assets/prefab using Guid(fe6d43af8e0c26349b1494767d3a1d9e) Importer(815301076,1909f56bfc062723c751e8b465ee728b)  -> (artifact id: '8bbfe520828520e06b7c18c66c89d5bd') in 0.005933 seconds
  Import took 0.008883 seconds .

========================================================================
Received Import Request.
  Time since last request: 24.908724 seconds.
  path: Assets/prefab/mydude.prefab
  artifactKey: Guid(ccdf759935317004e99c187b470c2ffd) Importer(815301076,1909f56bfc062723c751e8b465ee728b)
Start importing Assets/prefab/mydude.prefab using Guid(ccdf759935317004e99c187b470c2ffd) Importer(815301076,1909f56bfc062723c751e8b465ee728b)  -> (artifact id: '121ee4ca61db85cfca60fd1d97d311c5') in 0.082218 seconds
  Import took 0.084951 seconds .

========================================================================
Received Import Request.
  Time since last request: 17.849736 seconds.
  path: Assets/prefab/dropper.prefab
  artifactKey: Guid(8dba0a4ac7a129043a2d2ba23245caec) Importer(815301076,1909f56bfc062723c751e8b465ee728b)
Start importing Assets/prefab/dropper.prefab using Guid(8dba0a4ac7a129043a2d2ba23245caec) Importer(815301076,1909f56bfc062723c751e8b465ee728b)  -> (artifact id: 'b05ceccbab009857d4b97776ca2c95f6') in 0.012020 seconds
  Import took 0.014498 seconds .

========================================================================
Received Import Request.
  Time since last request: 0.001203 seconds.
  path: Assets/prefab/dropper.prefab
  artifactKey: Guid(8dba0a4ac7a129043a2d2ba23245caec) Importer(815301076,1909f56bfc062723c751e8b465ee728b)
Start importing Assets/prefab/dropper.prefab using Guid(8dba0a4ac7a129043a2d2ba23245caec) Importer(815301076,1909f56bfc062723c751e8b465ee728b)  -> (artifact id: 'b05ceccbab009857d4b97776ca2c95f6') in 0.011754 seconds
  Import took 0.014720 seconds .

========================================================================
Received Import Request.
  Time since last request: 10.767808 seconds.
  path: Assets/prefab/spinner.prefab
  artifactKey: Guid(14235a0ef6312f74d839dce09105891d) Importer(815301076,1909f56bfc062723c751e8b465ee728b)
Start importing Assets/prefab/spinner.prefab using Guid(14235a0ef6312f74d839dce09105891d) Importer(815301076,1909f56bfc062723c751e8b465ee728b)  -> (artifact id: '871a1449e5ca00a8713a6f726d60d0f5') in 0.013192 seconds
  Import took 0.017400 seconds .

========================================================================
Received Import Request.
  Time since last request: 0.040777 seconds.
  path: Assets/prefab/spinner.prefab
  artifactKey: Guid(14235a0ef6312f74d839dce09105891d) Importer(815301076,1909f56bfc062723c751e8b465ee728b)
Start importing Assets/prefab/spinner.prefab using Guid(14235a0ef6312f74d839dce09105891d) Importer(815301076,1909f56bfc062723c751e8b465ee728b)  -> (artifact id: '871a1449e5ca00a8713a6f726d60d0f5') in 0.016491 seconds
  Import took 0.020538 seconds .

========================================================================
Received Import Request.
  Time since last request: 4.587032 seconds.
  path: Assets/prefab/pesky.prefab
  artifactKey: Guid(a3f21441ad1e1f94d9d08f02588d8e6f) Importer(815301076,1909f56bfc062723c751e8b465ee728b)
Start importing Assets/prefab/pesky.prefab using Guid(a3f21441ad1e1f94d9d08f02588d8e6f) Importer(815301076,1909f56bfc062723c751e8b465ee728b)  -> (artifact id: '87d1b16ecb5919e83110f72ade6b0ca5') in 0.011105 seconds
  Import took 0.014653 seconds .

========================================================================
Received Import Request.
  Time since last request: 0.049826 seconds.
  path: Assets/prefab/pesky.prefab
  artifactKey: Guid(a3f21441ad1e1f94d9d08f02588d8e6f) Importer(815301076,1909f56bfc062723c751e8b465ee728b)
Start importing Assets/prefab/pesky.prefab using Guid(a3f21441ad1e1f94d9d08f02588d8e6f) Importer(815301076,1909f56bfc062723c751e8b465ee728b)  -> (artifact id: '87d1b16ecb5919e83110f72ade6b0ca5') in 0.014969 seconds
  Import took 0.022227 seconds .

========================================================================
Received Prepare
Registering precompiled user dll's ...
Registered in 0.000937 seconds.
Begin MonoManager ReloadAssembly
Native extension for WindowsStandalone target not found
Refreshing native plugins compatible for Editor in 0.23 ms, found 0 plugins.
Preloading 0 native plugins for Editor in 0.00 ms.
Mono: successfully reloaded assembly
- Completed reload, in  0.900 seconds
Platform modules already initialized, skipping
Refreshing native plugins compatible for Editor in 0.22 ms, found 0 plugins.
Preloading 0 native plugins for Editor in 0.00 ms.
Unloading 1260 Unused Serialized files (Serialized files now loaded: 0)
System memory in use before: 65.5 MB.
System memory in use after: 65.5 MB.

Unloading 7 unused Assets to reduce memory usage. Loaded Objects now: 1770.
Total: 1.906200 ms (FindLiveObjects: 0.149600 ms CreateObjectMapping: 0.068400 ms MarkObjects: 1.636400 ms  DeleteObjects: 0.050700 ms)

========================================================================
Received Import Request.
  Time since last request: 84.998931 seconds.
  path: Assets/prefab/wall1 (1).prefab
  artifactKey: Guid(847e38df0d140994095970b8a86c2799) Importer(815301076,1909f56bfc062723c751e8b465ee728b)
Start importing Assets/prefab/wall1 (1).prefab using Guid(847e38df0d140994095970b8a86c2799) Importer(815301076,1909f56bfc062723c751e8b465ee728b)  -> (artifact id: 'ea6688712f6e9d2220ad4d19069ea13f') in 0.061679 seconds
  Import took 0.064531 seconds .

========================================================================
Received Import Request.
  Time since last request: 14.627604 seconds.
  path: Assets/prefab/mazewall.prefab
  artifactKey: Guid(847e38df0d140994095970b8a86c2799) Importer(815301076,1909f56bfc062723c751e8b465ee728b)
Start importing Assets/prefab/mazewall.prefab using Guid(847e38df0d140994095970b8a86c2799) Importer(815301076,1909f56bfc062723c751e8b465ee728b)  -> (artifact id: '46e8f4067bf9dcd27b6983d569d4eab3') in 0.011358 seconds
  Import took 0.014497 seconds .

========================================================================
Received Import Request.
  Time since last request: 0.030901 seconds.
  path: Assets/prefab/mazewall.prefab
  artifactKey: Guid(847e38df0d140994095970b8a86c2799) Importer(815301076,1909f56bfc062723c751e8b465ee728b)
Start importing Assets/prefab/mazewall.prefab using Guid(847e38df0d140994095970b8a86c2799) Importer(815301076,1909f56bfc062723c751e8b465ee728b)  -> (artifact id: '46e8f4067bf9dcd27b6983d569d4eab3') in 0.016516 seconds
  Import took 0.020379 seconds .

========================================================================
Received Prepare
Registering precompiled user dll's ...
Registered in 0.000918 seconds.
Begin MonoManager ReloadAssembly
Native extension for WindowsStandalone target not found
Refreshing native plugins compatible for Editor in 0.23 ms, found 0 plugins.
Preloading 0 native plugins for Editor in 0.00 ms.
Mono: successfully reloaded assembly
- Completed reload, in  0.936 seconds
Platform modules already initialized, skipping
Refreshing native plugins compatible for Editor in 0.29 ms, found 0 plugins.
Preloading 0 native plugins for Editor in 0.00 ms.
Unloading 1260 Unused Serialized files (Serialized files now loaded: 0)
System memory in use before: 65.5 MB.
System memory in use after: 65.6 MB.

Unloading 6 unused Assets to reduce memory usage. Loaded Objects now: 1774.
Total: 2.333900 ms (FindLiveObjects: 0.222100 ms CreateObjectMapping: 0.058900 ms MarkObjects: 1.994500 ms  DeleteObjects: 0.056500 ms)

========================================================================
Received Prepare
Registering precompiled user dll's ...
Registered in 0.000926 seconds.
Begin MonoManager ReloadAssembly
Native extension for WindowsStandalone target not found
Refreshing native plugins compatible for Editor in 0.28 ms, found 0 plugins.
Preloading 0 native plugins for Editor in 0.00 ms.
Mono: successfully reloaded assembly
- Completed reload, in  1.016 seconds
Platform modules already initialized, skipping
Refreshing native plugins compatible for Editor in 0.22 ms, found 0 plugins.
Preloading 0 native plugins for Editor in 0.00 ms.
Unloading 1260 Unused Serialized files (Serialized files now loaded: 0)
System memory in use before: 65.5 MB.
System memory in use after: 65.6 MB.

Unloading 6 unused Assets to reduce memory usage. Loaded Objects now: 1777.
Total: 2.319700 ms (FindLiveObjects: 0.173900 ms CreateObjectMapping: 0.069500 ms MarkObjects: 2.022400 ms  DeleteObjects: 0.052500 ms)

========================================================================
Received Prepare
Registering precompiled user dll's ...
Registered in 0.000908 seconds.
Begin MonoManager ReloadAssembly
Native extension for WindowsStandalone target not found
Refreshing native plugins compatible for Editor in 0.24 ms, found 0 plugins.
Preloading 0 native plugins for Editor in 0.00 ms.
Mono: successfully reloaded assembly
- Completed reload, in  0.958 seconds
Platform modules already initialized, skipping
Refreshing native plugins compatible for Editor in 0.25 ms, found 0 plugins.
Preloading 0 native plugins for Editor in 0.00 ms.
Unloading 1260 Unused Serialized files (Serialized files now loaded: 0)
System memory in use before: 65.5 MB.
System memory in use after: 65.6 MB.

Unloading 6 unused Assets to reduce memory usage. Loaded Objects now: 1780.
Total: 2.124700 ms (FindLiveObjects: 0.405200 ms CreateObjectMapping: 0.095500 ms MarkObjects: 1.568000 ms  DeleteObjects: 0.054600 ms)

========================================================================
Received Prepare
Registering precompiled user dll's ...
Registered in 0.001585 seconds.
Begin MonoManager ReloadAssembly
Native extension for WindowsStandalone target not found
Refreshing native plugins compatible for Editor in 0.34 ms, found 0 plugins.
Preloading 0 native plugins for Editor in 0.00 ms.
Mono: successfully reloaded assembly
- Completed reload, in  0.990 seconds
Platform modules already initialized, skipping
Refreshing native plugins compatible for Editor in 0.23 ms, found 0 plugins.
Preloading 0 native plugins for Editor in 0.00 ms.
Unloading 1260 Unused Serialized files (Serialized files now loaded: 0)
System memory in use before: 65.5 MB.
System memory in use after: 65.6 MB.

Unloading 6 unused Assets to reduce memory usage. Loaded Objects now: 1783.
Total: 2.167400 ms (FindLiveObjects: 0.160100 ms CreateObjectMapping: 0.067100 ms MarkObjects: 1.880700 ms  DeleteObjects: 0.058300 ms)

========================================================================
Received Prepare
Registering precompiled user dll's ...
Registered in 0.001262 seconds.
Begin MonoManager ReloadAssembly
Native extension for WindowsStandalone target not found
Refreshing native plugins compatible for Editor in 0.21 ms, found 0 plugins.
Preloading 0 native plugins for Editor in 0.00 ms.
Mono: successfully reloaded assembly
- Completed reload, in  0.960 seconds
Platform modules already initialized, skipping
Refreshing native plugins compatible for Editor in 0.25 ms, found 0 plugins.
Preloading 0 native plugins for Editor in 0.00 ms.
Unloading 1260 Unused Serialized files (Serialized files now loaded: 0)
System memory in use before: 65.5 MB.
System memory in use after: 65.6 MB.

Unloading 6 unused Assets to reduce memory usage. Loaded Objects now: 1786.
Total: 5.780700 ms (FindLiveObjects: 1.109100 ms CreateObjectMapping: 0.111800 ms MarkObjects: 4.441100 ms  DeleteObjects: 0.114100 ms)

========================================================================
Received Prepare
Registering precompiled user dll's ...
Registered in 0.000890 seconds.
Begin MonoManager ReloadAssembly
Native extension for WindowsStandalone target not found
Refreshing native plugins compatible for Editor in 0.28 ms, found 0 plugins.
Preloading 0 native plugins for Editor in 0.00 ms.
Mono: successfully reloaded assembly
- Completed reload, in  0.952 seconds
Platform modules already initialized, skipping
Refreshing native plugins compatible for Editor in 0.34 ms, found 0 plugins.
Preloading 0 native plugins for Editor in 0.00 ms.
Unloading 1260 Unused Serialized files (Serialized files now loaded: 0)
System memory in use before: 65.5 MB.
System memory in use after: 65.6 MB.

Unloading 6 unused Assets to reduce memory usage. Loaded Objects now: 1789.
Total: 1.953800 ms (FindLiveObjects: 0.187200 ms CreateObjectMapping: 0.052000 ms MarkObjects: 1.660500 ms  DeleteObjects: 0.052600 ms)

========================================================================
Received Prepare
Registering precompiled user dll's ...
Registered in 0.000949 seconds.
Begin MonoManager ReloadAssembly
Native extension for WindowsStandalone target not found
Refreshing native plugins compatible for Editor in 0.21 ms, found 0 plugins.
Preloading 0 native plugins for Editor in 0.00 ms.
Mono: successfully reloaded assembly
- Completed reload, in  1.006 seconds
Platform modules already initialized, skipping
Refreshing native plugins compatible for Editor in 0.26 ms, found 0 plugins.
Preloading 0 native plugins for Editor in 0.00 ms.
Unloading 1260 Unused Serialized files (Serialized files now loaded: 0)
System memory in use before: 65.5 MB.
System memory in use after: 65.6 MB.

Unloading 6 unused Assets to reduce memory usage. Loaded Objects now: 1792.
Total: 1.927500 ms (FindLiveObjects: 0.185700 ms CreateObjectMapping: 0.060800 ms MarkObjects: 1.608500 ms  DeleteObjects: 0.071100 ms)

========================================================================
Received Prepare
Registering precompiled user dll's ...
Registered in 0.002515 seconds.
Begin MonoManager ReloadAssembly
Native extension for WindowsStandalone target not found
Refreshing native plugins compatible for Editor in 0.49 ms, found 0 plugins.
Preloading 0 native plugins for Editor in 0.00 ms.
Mono: successfully reloaded assembly
- Completed reload, in  1.067 seconds
Platform modules already initialized, skipping
Refreshing native plugins compatible for Editor in 0.26 ms, found 0 plugins.
Preloading 0 native plugins for Editor in 0.00 ms.
Unloading 1260 Unused Serialized files (Serialized files now loaded: 0)
System memory in use before: 65.5 MB.
System memory in use after: 65.6 MB.

Unloading 6 unused Assets to reduce memory usage. Loaded Objects now: 1795.
Total: 2.253000 ms (FindLiveObjects: 0.210000 ms CreateObjectMapping: 0.052900 ms MarkObjects: 1.920700 ms  DeleteObjects: 0.067600 ms)

========================================================================
Received Prepare
Registering precompiled user dll's ...
Registered in 0.000918 seconds.
Begin MonoManager ReloadAssembly
Native extension for WindowsStandalone target not found
Refreshing native plugins compatible for Editor in 0.22 ms, found 0 plugins.
Preloading 0 native plugins for Editor in 0.00 ms.
Mono: successfully reloaded assembly
- Completed reload, in  0.964 seconds
Platform modules already initialized, skipping
Refreshing native plugins compatible for Editor in 0.28 ms, found 0 plugins.
Preloading 0 native plugins for Editor in 0.00 ms.
Unloading 1260 Unused Serialized files (Serialized files now loaded: 0)
System memory in use before: 65.5 MB.
System memory in use after: 65.6 MB.

Unloading 6 unused Assets to reduce memory usage. Loaded Objects now: 1798.
Total: 2.281700 ms (FindLiveObjects: 0.374300 ms CreateObjectMapping: 0.202600 ms MarkObjects: 1.643900 ms  DeleteObjects: 0.058600 ms)

========================================================================
Received Prepare
Registering precompiled user dll's ...
Registered in 0.001013 seconds.
Begin MonoManager ReloadAssembly
Native extension for WindowsStandalone target not found
Refreshing native plugins compatible for Editor in 0.49 ms, found 0 plugins.
Preloading 0 native plugins for Editor in 0.00 ms.
Mono: successfully reloaded assembly
- Completed reload, in  1.419 seconds
Platform modules already initialized, skipping
Refreshing native plugins compatible for Editor in 0.27 ms, found 0 plugins.
Preloading 0 native plugins for Editor in 0.00 ms.
Unloading 1260 Unused Serialized files (Serialized files now loaded: 0)
System memory in use before: 65.5 MB.
System memory in use after: 65.6 MB.

Unloading 6 unused Assets to reduce memory usage. Loaded Objects now: 1801.
Total: 2.679100 ms (FindLiveObjects: 0.179000 ms CreateObjectMapping: 0.055100 ms MarkObjects: 2.346900 ms  DeleteObjects: 0.096300 ms)

========================================================================
Received Prepare
Registering precompiled user dll's ...
Registered in 0.001125 seconds.
Begin MonoManager ReloadAssembly
Native extension for WindowsStandalone target not found
Refreshing native plugins compatible for Editor in 0.22 ms, found 0 plugins.
Preloading 0 native plugins for Editor in 0.00 ms.
Mono: successfully reloaded assembly
- Completed reload, in  0.866 seconds
Platform modules already initialized, skipping
Refreshing native plugins compatible for Editor in 0.32 ms, found 0 plugins.
Preloading 0 native plugins for Editor in 0.00 ms.
Unloading 1260 Unused Serialized files (Serialized files now loaded: 0)
System memory in use before: 65.5 MB.
System memory in use after: 65.6 MB.

Unloading 6 unused Assets to reduce memory usage. Loaded Objects now: 1804.
Total: 1.959000 ms (FindLiveObjects: 0.175700 ms CreateObjectMapping: 0.051100 ms MarkObjects: 1.656500 ms  DeleteObjects: 0.073900 ms)

========================================================================
Received Prepare
Registering precompiled user dll's ...
Registered in 0.000944 seconds.
Begin MonoManager ReloadAssembly
Native extension for WindowsStandalone target not found
Refreshing native plugins compatible for Editor in 0.22 ms, found 0 plugins.
Preloading 0 native plugins for Editor in 0.00 ms.
Mono: successfully reloaded assembly
- Completed reload, in  0.986 seconds
Platform modules already initialized, skipping
Refreshing native plugins compatible for Editor in 0.24 ms, found 0 plugins.
Preloading 0 native plugins for Editor in 0.00 ms.
Unloading 1260 Unused Serialized files (Serialized files now loaded: 0)
System memory in use before: 65.6 MB.
System memory in use after: 65.6 MB.

Unloading 6 unused Assets to reduce memory usage. Loaded Objects now: 1807.
Total: 3.394700 ms (FindLiveObjects: 0.273000 ms CreateObjectMapping: 0.079100 ms MarkObjects: 2.965500 ms  DeleteObjects: 0.075700 ms)

========================================================================
Received Prepare
Registering precompiled user dll's ...
Registered in 0.001027 seconds.
Begin MonoManager ReloadAssembly
Native extension for WindowsStandalone target not found
Refreshing native plugins compatible for Editor in 0.21 ms, found 0 plugins.
Preloading 0 native plugins for Editor in 0.00 ms.
Mono: successfully reloaded assembly
- Completed reload, in  0.942 seconds
Platform modules already initialized, skipping
Refreshing native plugins compatible for Editor in 0.25 ms, found 0 plugins.
Preloading 0 native plugins for Editor in 0.00 ms.
Unloading 1260 Unused Serialized files (Serialized files now loaded: 0)
System memory in use before: 65.6 MB.
System memory in use after: 65.6 MB.

Unloading 6 unused Assets to reduce memory usage. Loaded Objects now: 1810.
Total: 2.208400 ms (FindLiveObjects: 0.242500 ms CreateObjectMapping: 0.052500 ms MarkObjects: 1.851300 ms  DeleteObjects: 0.060600 ms)

========================================================================
Received Prepare
Registering precompiled user dll's ...
Registered in 0.000905 seconds.
Begin MonoManager ReloadAssembly
Native extension for WindowsStandalone target not found
Refreshing native plugins compatible for Editor in 0.30 ms, found 0 plugins.
Preloading 0 native plugins for Editor in 0.00 ms.
Mono: successfully reloaded assembly
- Completed reload, in  1.427 seconds
Platform modules already initialized, skipping
Refreshing native plugins compatible for Editor in 0.29 ms, found 0 plugins.
Preloading 0 native plugins for Editor in 0.00 ms.
Unloading 1260 Unused Serialized files (Serialized files now loaded: 0)
System memory in use before: 65.6 MB.
System memory in use after: 65.6 MB.

Unloading 6 unused Assets to reduce memory usage. Loaded Objects now: 1813.
Total: 2.246800 ms (FindLiveObjects: 0.216200 ms CreateObjectMapping: 0.075300 ms MarkObjects: 1.891300 ms  DeleteObjects: 0.061800 ms)

AssetImportWorkerClient::OnTransportError - code=2 error=End of file
